============================= test session starts ==============================
collecting ... collected 50 items

pytest_spmatrix_priv.py::test_spmatrix_01_spmatrix_is PASSED             [  2%]
pytest_spmatrix_priv.py::test_spmatrix_02_spmatrix_is PASSED             [  4%]
pytest_spmatrix_priv.py::test_spmatrix_03_spmatrix_is PASSED             [  6%]
pytest_spmatrix_priv.py::test_spmatrix_04_spmatrix_is PASSED             [  8%]
pytest_spmatrix_priv.py::test_spmatrix_05_spmatrix_is PASSED             [ 10%]
pytest_spmatrix_priv.py::test_spmatrix_06_spmatrix_is PASSED             [ 12%]
pytest_spmatrix_priv.py::test_spmatrix_07_spmatrix_is PASSED             [ 14%]
pytest_spmatrix_priv.py::test_spmatrix_08_spmatrix_is PASSED             [ 16%]
pytest_spmatrix_priv.py::test_spmatrix_09_spmatrix_is PASSED             [ 18%]
pytest_spmatrix_priv.py::test_spmatrix_09a_spmatrix_is PASSED            [ 20%]
pytest_spmatrix_priv.py::test_spmatrix_10_spmatrix_is PASSED             [ 22%]
pytest_spmatrix_priv.py::test_spmatrix_10a_spmatrix_is PASSED            [ 24%]
pytest_spmatrix_priv.py::test_spmatrix_12_spmatrix_is PASSED             [ 26%]
pytest_spmatrix_priv.py::test_spmatrix_12a_spmatrix_is PASSED            [ 28%]
pytest_spmatrix_priv.py::test_spmatrix_13_spmatrix_is PASSED             [ 30%]
pytest_spmatrix_priv.py::test_spmatrix_13a_spmatrix_is PASSED            [ 32%]
pytest_spmatrix_priv.py::test_spmatrix_14_spmatrix_is PASSED             [ 34%]
pytest_spmatrix_priv.py::test_spmatrix_14a_spmatrix_is PASSED            [ 36%]
pytest_spmatrix_priv.py::test_spmatrix_15_spmatrix_create PASSED         [ 38%]
pytest_spmatrix_priv.py::test_spmatrix_16_spmatrix_create PASSED         [ 40%]
pytest_spmatrix_priv.py::test_spmatrix_17_spmatrix_create PASSED         [ 42%]
pytest_spmatrix_priv.py::test_spmatrix_18_spmatrix_create PASSED         [ 44%]
pytest_spmatrix_priv.py::test_spmatrix_19_spmatrix_zero_get PASSED       [ 46%]
pytest_spmatrix_priv.py::test_spmatrix_20_spmatrix_value_set FAILED      [ 48%]
pytest_spmatrix_priv.py::test_spmatrix_21_spmatrix_value_set FAILED      [ 50%]
pytest_spmatrix_priv.py::test_spmatrix_22_spmatrix_value_set FAILED      [ 52%]
pytest_spmatrix_priv.py::test_spmatrix_23_spmatrix_value_set FAILED      [ 54%]
pytest_spmatrix_priv.py::test_spmatrix_24_spmatrix_value_get FAILED      [ 56%]
pytest_spmatrix_priv.py::test_spmatrix_25_spmatrix_value_get FAILED      [ 58%]
pytest_spmatrix_priv.py::test_spmatrix_26_spmatrix_dim FAILED            [ 60%]
pytest_spmatrix_priv.py::test_spmatrix_27_spmatrix_dim FAILED            [ 62%]
pytest_spmatrix_priv.py::test_spmatrix_28_spmatrix_dim FAILED            [ 64%]
pytest_spmatrix_priv.py::test_spmatrix_29_spmatrix_copy FAILED           [ 66%]
pytest_spmatrix_priv.py::test_spmatrix_30_spmatrix_copy FAILED           [ 68%]
pytest_spmatrix_priv.py::test_spmatrix_31_spmatrix_sparsity FAILED       [ 70%]
pytest_spmatrix_priv.py::test_spmatrix_32_spmatrix_sparsity FAILED       [ 72%]
pytest_spmatrix_priv.py::test_spmatrix_33_spmatrix_sparsity FAILED       [ 74%]
pytest_spmatrix_priv.py::test_spmatrix_34_spmatrix_dim FAILED            [ 76%]
pytest_spmatrix_priv.py::test_spmatrix_35_spmatrix_sparsity FAILED       [ 78%]
pytest_spmatrix_priv.py::test_spmatrix_36_spmatrix_zero_set FAILED       [ 80%]
pytest_spmatrix_priv.py::test_spmatrix_37_spmatrix_str FAILED            [ 82%]
pytest_spmatrix_priv.py::test_spmatrix_38_spmatrix_str FAILED            [ 84%]
pytest_spmatrix_priv.py::test_spmatrix_39_spmatrix_str FAILED            [ 86%]
pytest_spmatrix_priv.py::test_spmatrix_40_spmatrix_str FAILED            [ 88%]
pytest_spmatrix_priv.py::test_spmatrix_41_spmatrix_row FAILED            [ 90%]
pytest_spmatrix_priv.py::test_spmatrix_42_spmatrix_col FAILED            [ 92%]
pytest_spmatrix_priv.py::test_spmatrix_43_spmatrix_diagonal FAILED       [ 94%]
pytest_spmatrix_priv.py::test_spmatrix_44_spmatrix_diagonal FAILED       [ 96%]
pytest_spmatrix_priv.py::test_spmatrix_45_spmatrix_diagonal FAILED       [ 98%]
pytest_spmatrix_priv.py::test_spmatrix_46_spmatrix_sparsity FAILED       [100%]

=================================== FAILURES ===================================
/home/dtsd/DTSD/dIoTspmatrix_52544/spmatrix.py:29: TypeError: 'builtin_function_or_method' object is not subscriptable
/home/dtsd/DTSD/dIoTspmatrix_52544/spmatrix.py:29: TypeError: 'builtin_function_or_method' object is not subscriptable
/home/dtsd/DTSD/dIoTspmatrix_52544/spmatrix.py:29: TypeError: 'builtin_function_or_method' object is not subscriptable
/home/dtsd/DTSD/dIoTspmatrix_52544/spmatrix.py:29: TypeError: 'builtin_function_or_method' object is not subscriptable
/home/dtsd/DTSD/dIoTspmatrix_52544/spmatrix.py:25: KeyError: tuple[int, int, int, int, int, int, int, int]
/home/dtsd/DTSD/dIoTspmatrix_52544/spmatrix.py:29: TypeError: 'builtin_function_or_method' object is not subscriptable
/home/dtsd/DTSD/pytest_spmatrix_priv.py:159: NameError: name 'spmatrix_dim' is not defined
/home/dtsd/DTSD/dIoTspmatrix_52544/spmatrix.py:29: TypeError: 'builtin_function_or_method' object is not subscriptable
/home/dtsd/DTSD/pytest_spmatrix_priv.py:171: NameError: name 'spmatrix_dim' is not defined
/home/dtsd/DTSD/pytest_spmatrix_priv.py:178: NameError: name 'spmatrix_copy' is not defined
/home/dtsd/DTSD/pytest_spmatrix_priv.py:184: NameError: name 'spmatrix_copy' is not defined
/home/dtsd/DTSD/dIoTspmatrix_52544/spmatrix.py:29: TypeError: 'builtin_function_or_method' object is not subscriptable
/home/dtsd/DTSD/dIoTspmatrix_52544/spmatrix.py:29: TypeError: 'builtin_function_or_method' object is not subscriptable
/home/dtsd/DTSD/pytest_spmatrix_priv.py:205: NameError: name 'spmatrix_sparsity' is not defined
/home/dtsd/DTSD/dIoTspmatrix_52544/spmatrix.py:29: TypeError: 'builtin_function_or_method' object is not subscriptable
/home/dtsd/DTSD/dIoTspmatrix_52544/spmatrix.py:29: TypeError: 'builtin_function_or_method' object is not subscriptable
/home/dtsd/DTSD/dIoTspmatrix_52544/spmatrix.py:29: TypeError: 'builtin_function_or_method' object is not subscriptable
/home/dtsd/DTSD/dIoTspmatrix_52544/spmatrix.py:29: TypeError: 'builtin_function_or_method' object is not subscriptable
/home/dtsd/DTSD/dIoTspmatrix_52544/spmatrix.py:29: TypeError: 'builtin_function_or_method' object is not subscriptable
/home/dtsd/DTSD/dIoTspmatrix_52544/spmatrix.py:29: TypeError: 'builtin_function_or_method' object is not subscriptable
/home/dtsd/DTSD/pytest_spmatrix_priv.py:266: NameError: name 'spmatrix_str' is not defined
/home/dtsd/DTSD/dIoTspmatrix_52544/spmatrix.py:29: TypeError: 'builtin_function_or_method' object is not subscriptable
/home/dtsd/DTSD/dIoTspmatrix_52544/spmatrix.py:29: TypeError: 'builtin_function_or_method' object is not subscriptable
/home/dtsd/DTSD/dIoTspmatrix_52544/spmatrix.py:29: TypeError: 'builtin_function_or_method' object is not subscriptable
/home/dtsd/DTSD/dIoTspmatrix_52544/spmatrix.py:29: TypeError: 'builtin_function_or_method' object is not subscriptable
/home/dtsd/DTSD/pytest_spmatrix_priv.py:319: NameError: name 'spmatrix_diagonal' is not defined
/home/dtsd/DTSD/dIoTspmatrix_52544/spmatrix.py:29: TypeError: 'builtin_function_or_method' object is not subscriptable
============================== slowest durations ===============================

(150 durations < 1s hidden.  Use -vv to show these durations.)
======================== 27 failed, 23 passed in 0.03s =========================
