============================= test session starts ==============================
collecting ... collected 46 items

pytest_spmatrix_priv.py::test_spmatrix_01 PASSED                         [  2%]
pytest_spmatrix_priv.py::test_spmatrix_02 PASSED                         [  4%]
pytest_spmatrix_priv.py::test_spmatrix_03 PASSED                         [  6%]
pytest_spmatrix_priv.py::test_spmatrix_04 PASSED                         [  8%]
pytest_spmatrix_priv.py::test_spmatrix_05 PASSED                         [ 10%]
pytest_spmatrix_priv.py::test_spmatrix_06 PASSED                         [ 13%]
pytest_spmatrix_priv.py::test_spmatrix_07 PASSED                         [ 15%]
pytest_spmatrix_priv.py::test_spmatrix_08 PASSED                         [ 17%]
pytest_spmatrix_priv.py::test_spmatrix_09 PASSED                         [ 19%]
pytest_spmatrix_priv.py::test_spmatrix_10 PASSED                         [ 21%]
pytest_spmatrix_priv.py::test_spmatrix_11 PASSED                         [ 23%]
pytest_spmatrix_priv.py::test_spmatrix_12 PASSED                         [ 26%]
pytest_spmatrix_priv.py::test_spmatrix_13 PASSED                         [ 28%]
pytest_spmatrix_priv.py::test_spmatrix_14 PASSED                         [ 30%]
pytest_spmatrix_priv.py::test_spmatrix_15 PASSED                         [ 32%]
pytest_spmatrix_priv.py::test_spmatrix_16 PASSED                         [ 34%]
pytest_spmatrix_priv.py::test_spmatrix_17 PASSED                         [ 36%]
pytest_spmatrix_priv.py::test_spmatrix_18 PASSED                         [ 39%]
pytest_spmatrix_priv.py::test_spmatrix_19 PASSED                         [ 41%]
pytest_spmatrix_priv.py::test_spmatrix_20 FAILED                         [ 43%]
pytest_spmatrix_priv.py::test_spmatrix_21 FAILED                         [ 45%]
pytest_spmatrix_priv.py::test_spmatrix_22 FAILED                         [ 47%]
pytest_spmatrix_priv.py::test_spmatrix_23 FAILED                         [ 50%]
pytest_spmatrix_priv.py::test_spmatrix_24 FAILED                         [ 52%]
pytest_spmatrix_priv.py::test_spmatrix_25 FAILED                         [ 54%]
pytest_spmatrix_priv.py::test_spmatrix_26 FAILED                         [ 56%]
pytest_spmatrix_priv.py::test_spmatrix_27 FAILED                         [ 58%]
pytest_spmatrix_priv.py::test_spmatrix_28 FAILED                         [ 60%]
pytest_spmatrix_priv.py::test_spmatrix_29 FAILED                         [ 63%]
pytest_spmatrix_priv.py::test_spmatrix_30 FAILED                         [ 65%]
pytest_spmatrix_priv.py::test_spmatrix_31 FAILED                         [ 67%]
pytest_spmatrix_priv.py::test_spmatrix_32 FAILED                         [ 69%]
pytest_spmatrix_priv.py::test_spmatrix_33 FAILED                         [ 71%]
pytest_spmatrix_priv.py::test_spmatrix_34 FAILED                         [ 73%]
pytest_spmatrix_priv.py::test_spmatrix_35 FAILED                         [ 76%]
pytest_spmatrix_priv.py::test_spmatrix_36 FAILED                         [ 78%]
pytest_spmatrix_priv.py::test_spmatrix_37 FAILED                         [ 80%]
pytest_spmatrix_priv.py::test_spmatrix_38 FAILED                         [ 82%]
pytest_spmatrix_priv.py::test_spmatrix_39 FAILED                         [ 84%]
pytest_spmatrix_priv.py::test_spmatrix_40 FAILED                         [ 86%]
pytest_spmatrix_priv.py::test_spmatrix_41 FAILED                         [ 89%]
pytest_spmatrix_priv.py::test_spmatrix_42 FAILED                         [ 91%]
pytest_spmatrix_priv.py::test_spmatrix_43 FAILED                         [ 93%]
pytest_spmatrix_priv.py::test_spmatrix_44 FAILED                         [ 95%]
pytest_spmatrix_priv.py::test_spmatrix_45 FAILED                         [ 97%]
pytest_spmatrix_priv.py::test_spmatrix_46 FAILED                         [100%]

=================================== FAILURES ===================================
/home/dtsd/DTSD/dIoTspmatrix_52544/spmatrix.py:29: TypeError: 'builtin_function_or_method' object is not subscriptable
/home/dtsd/DTSD/dIoTspmatrix_52544/spmatrix.py:29: TypeError: 'builtin_function_or_method' object is not subscriptable
/home/dtsd/DTSD/dIoTspmatrix_52544/spmatrix.py:29: TypeError: 'builtin_function_or_method' object is not subscriptable
/home/dtsd/DTSD/dIoTspmatrix_52544/spmatrix.py:29: TypeError: 'builtin_function_or_method' object is not subscriptable
/home/dtsd/DTSD/dIoTspmatrix_52544/spmatrix.py:25: KeyError: tuple[int, int]
/home/dtsd/DTSD/dIoTspmatrix_52544/spmatrix.py:29: TypeError: 'builtin_function_or_method' object is not subscriptable
/home/dtsd/DTSD/pytest_spmatrix_priv.py:143: NameError: name 'spmatrix_dim' is not defined
/home/dtsd/DTSD/dIoTspmatrix_52544/spmatrix.py:29: TypeError: 'builtin_function_or_method' object is not subscriptable
/home/dtsd/DTSD/pytest_spmatrix_priv.py:155: NameError: name 'spmatrix_dim' is not defined
/home/dtsd/DTSD/pytest_spmatrix_priv.py:162: NameError: name 'spmatrix_copy' is not defined
/home/dtsd/DTSD/pytest_spmatrix_priv.py:168: NameError: name 'spmatrix_copy' is not defined
/home/dtsd/DTSD/dIoTspmatrix_52544/spmatrix.py:29: TypeError: 'builtin_function_or_method' object is not subscriptable
/home/dtsd/DTSD/dIoTspmatrix_52544/spmatrix.py:29: TypeError: 'builtin_function_or_method' object is not subscriptable
/home/dtsd/DTSD/pytest_spmatrix_priv.py:189: NameError: name 'spmatrix_sparsity' is not defined
/home/dtsd/DTSD/dIoTspmatrix_52544/spmatrix.py:29: TypeError: 'builtin_function_or_method' object is not subscriptable
/home/dtsd/DTSD/dIoTspmatrix_52544/spmatrix.py:29: TypeError: 'builtin_function_or_method' object is not subscriptable
/home/dtsd/DTSD/dIoTspmatrix_52544/spmatrix.py:29: TypeError: 'builtin_function_or_method' object is not subscriptable
/home/dtsd/DTSD/dIoTspmatrix_52544/spmatrix.py:29: TypeError: 'builtin_function_or_method' object is not subscriptable
/home/dtsd/DTSD/dIoTspmatrix_52544/spmatrix.py:29: TypeError: 'builtin_function_or_method' object is not subscriptable
/home/dtsd/DTSD/dIoTspmatrix_52544/spmatrix.py:29: TypeError: 'builtin_function_or_method' object is not subscriptable
/home/dtsd/DTSD/pytest_spmatrix_priv.py:250: NameError: name 'spmatrix_str' is not defined
/home/dtsd/DTSD/dIoTspmatrix_52544/spmatrix.py:29: TypeError: 'builtin_function_or_method' object is not subscriptable
/home/dtsd/DTSD/dIoTspmatrix_52544/spmatrix.py:29: TypeError: 'builtin_function_or_method' object is not subscriptable
/home/dtsd/DTSD/dIoTspmatrix_52544/spmatrix.py:29: TypeError: 'builtin_function_or_method' object is not subscriptable
/home/dtsd/DTSD/dIoTspmatrix_52544/spmatrix.py:29: TypeError: 'builtin_function_or_method' object is not subscriptable
/home/dtsd/DTSD/pytest_spmatrix_priv.py:303: NameError: name 'spmatrix_diagonal' is not defined
/home/dtsd/DTSD/dIoTspmatrix_52544/spmatrix.py:29: TypeError: 'builtin_function_or_method' object is not subscriptable
============================== slowest durations ===============================

(138 durations < 1s hidden.  Use -vv to show these durations.)
======================== 27 failed, 19 passed in 0.03s =========================
