============================= test session starts ==============================
collecting ... collected 12 items

pytest_position_pub.py::test_position_create_valid_1_2 PASSED            [  8%]
pytest_position_pub.py::test_position_create_valid_1000_0 PASSED         [ 16%]
pytest_position_pub.py::test_position_create_invalid_args_minus1 PASSED  [ 25%]
pytest_position_pub.py::test_position_create_invalid_args_emptytuple PASSED [ 33%]
pytest_position_pub.py::test_position_is_true FAILED                     [ 41%]
pytest_position_pub.py::test_position_is_false FAILED                    [ 50%]
pytest_position_pub.py::test_position_row FAILED                         [ 58%]
pytest_position_pub.py::test_position_col FAILED                         [ 66%]
pytest_position_pub.py::test_position_equal_same FAILED                  [ 75%]
pytest_position_pub.py::test_position_equal_different FAILED             [ 83%]
pytest_position_pub.py::test_position_str FAILED                         [ 91%]
pytest_position_pub.py::test_position_12 FAILED                          [100%]

=================================== FAILURES ===================================
/home/dtsd/DTSD/pytest_position_pub.py:34: assert None is True
/home/dtsd/DTSD/pytest_position_pub.py:38: assert None is False
/home/dtsd/DTSD/dIoTspmatrix_52544/position.py:17: ValueError: position_row: invalid arguments
/home/dtsd/DTSD/dIoTspmatrix_52544/position.py:23: ValueError: position_col: invalid arguments
/home/dtsd/DTSD/dIoTspmatrix_52544/position.py:29: ValueError: position_equal: invalid arguments
/home/dtsd/DTSD/dIoTspmatrix_52544/position.py:29: ValueError: position_equal: invalid arguments
/home/dtsd/DTSD/dIoTspmatrix_52544/position.py:35: ValueError: position_str: invalid arguments
/home/dtsd/DTSD/dIoTspmatrix_52544/position.py:29: ValueError: position_equal: invalid arguments
============================== slowest durations ===============================

(36 durations < 1s hidden.  Use -vv to show these durations.)
========================= 8 failed, 4 passed in 0.01s ==========================
