============================= test session starts ==============================
collecting ... collected 23 items

pytest_position_priv.py::test_position_01 PASSED                         [  4%]
pytest_position_priv.py::test_position_02 PASSED                         [  8%]
pytest_position_priv.py::test_position_03 FAILED                         [ 13%]
pytest_position_priv.py::test_position_04 FAILED                         [ 17%]
pytest_position_priv.py::test_position_05 FAILED                         [ 21%]
pytest_position_priv.py::test_position_06 FAILED                         [ 26%]
pytest_position_priv.py::test_position_07 PASSED                         [ 30%]
pytest_position_priv.py::test_position_08 PASSED                         [ 34%]
pytest_position_priv.py::test_position_09 FAILED                         [ 39%]
pytest_position_priv.py::test_position_10 PASSED                         [ 43%]
pytest_position_priv.py::test_position_11 PASSED                         [ 47%]
pytest_position_priv.py::test_position_12 FAILED                         [ 52%]
pytest_position_priv.py::test_position_13 FAILED                         [ 56%]
pytest_position_priv.py::test_position_14 FAILED                         [ 60%]
pytest_position_priv.py::test_position_15 FAILED                         [ 65%]
pytest_position_priv.py::test_position_16 FAILED                         [ 69%]
pytest_position_priv.py::test_position_17 FAILED                         [ 73%]
pytest_position_priv.py::test_position_18 FAILED                         [ 78%]
pytest_position_priv.py::test_position_19 FAILED                         [ 82%]
pytest_position_priv.py::test_position_20 FAILED                         [ 86%]
pytest_position_priv.py::test_position_21 FAILED                         [ 91%]
pytest_position_priv.py::test_position_22 PASSED                         [ 95%]
pytest_position_priv.py::test_position_23 PASSED                         [100%]

============================== slowest durations ===============================

(69 durations < 1s hidden.  Use -vv to show these durations.)
========================= 15 failed, 8 passed in 0.02s =========================
